Arguments: 
  C:\Program Files\nodejs\node.exe C:\Users\wiju-honor\AppData\Roaming\npm\node_modules\yarn\bin\yarn.js add @vitejs/plugin-react

PATH: 
  C:\Windows\system32;C:\Windows;C:\Windows\System32\Wbem;C:\Windows\System32\WindowsPowerShell\v1.0\;C:\Windows\System32\OpenSSH\;C:\Program Files\Git\cmd;C:\Program Files\Azure Data Studio\bin;C:\Program Files (x86)\Microsoft SQL Server\160\DTS\Binn\;C:\Program Files\Microsoft SQL Server\160\Tools\Binn\;C:\Program Files\dotnet\;C:\Program Files (x86)\NVIDIA Corporation\PhysX\Common;C:\Program Files\Go\bin;C:\Program Files\PostgreSQL\16\bin;;C:\WINDOWS\system32;C:\WINDOWS;C:\WINDOWS\System32\Wbem;C:\WINDOWS\System32\WindowsPowerShell\v1.0\;C:\WINDOWS\System32\OpenSSH\;C:\Program Files\nodejs\;C:\Users\wiju-honor\AppData\Local\Microsoft\WindowsApps;C:\Users\wiju-honor\AppData\Local\Programs\Microsoft VS Code\bin;C:\Program Files\Azure Data Studio\bin;C:\Users\wiju-honor\.dotnet\tools;C:\Users\wiju-honor\AppData\Local\Programs\Neovim\bin;C:\Users\wiju-honor\go\bin;C:\Users\wiju-honor\AppData\Local\GitHubDesktop\bin;C:\Users\wiju-honor\AppData\Local\Programs\mongosh\;C:\Users\wiju-honor\AppData\Roaming\npm

Yarn version: 
  1.22.19

Node version: 
  20.12.2

Platform: 
  win32 x64

Trace: 
  Error: EPERM: operation not permitted, unlink 'C:\Users\wiju-honor\Desktop\Projects\hacker-news-vk-mini-app\node_modules\@esbuild\win32-x64\esbuild.exe'

npm manifest: 
  {
  	"name": "hacker-news-vk-mini-app",
  	"private": true,
  	"version": "0.0.0",
  	"type": "module",
  	"scripts": {
  		"start": "vite",
  		"build": "tsc && vite build",
  		"lint": "eslint . --ext ts,tsx --report-unused-disable-directives --max-warnings 0",
  		"preview": "vite preview",
  		"tunnel": "vk-tunnel --insecure=1 --http-protocol=https --ws-protocol=wss --host=0.0.0.0 --port=3000",
  		"deploy": "vite build &&  vk-miniapps-deploy"
  	},
  	"dependencies": {
  		"@vitejs/plugin-basic-ssl": "^1.1.0",
  		"@vkontakte/icons": "^2.92.0",
  		"@vkontakte/vk-bridge": "^2.13.0",
  		"@vkontakte/vk-bridge-react": "^1.0.1",
  		"@vkontakte/vk-mini-apps-router": "^1.4.3",
  		"@vkontakte/vkui": "^6.0.0",
  		"axios": "^1.6.8",
  		"react": "^18.2.0",
  		"react-dom": "^18.2.0"
  	},
  	"devDependencies": {
  		"@types/react": "^18.2.43",
  		"@types/react-dom": "^18.2.17",
  		"@typescript-eslint/eslint-plugin": "^6.14.0",
  		"@typescript-eslint/parser": "^6.14.0",
  		"@vitejs/plugin-legacy": "^5.3.1",
  		"@vitejs/plugin-react": "^4.2.1",
  		"@vkontakte/vk-miniapps-deploy": "^0.1.6",
  		"@vkontakte/vk-tunnel": "^0.2.0",
  		"eruda": "^3.0.1",
  		"esbuild": "~0.20.0",
  		"eslint": "^8.55.0",
  		"eslint-plugin-react-hooks": "^4.6.0",
  		"eslint-plugin-react-refresh": "^0.4.5",
  		"terser": "^5.4.0",
  		"typescript": "^5.2.2",
  		"vite": "^5.2.10"
  	},
  	"main": "main.tsx",
  	"license": "MIT",
  	"repository": "https://github.com/PU6ER/hacker-news-vk-mini-app.git",
  	"author": "Vladislav Hasanov <64597307+PU6ER@users.noreply.github.com>"
  }

yarn manifest: 
  No manifest

Lockfile: 
  No lockfile
